99
95
2
80
99
99
96
54
94
98
93
98
99
98
99
84
91
86
90
98
93
93
91
93
95
99
76
93
93
99
93
99
73
95
91
93
99
86
93
69
93
95
91
95
76
99
91
93
74
93
76
93
79
93
93
46
79
76
91
91
69
91
71
94
79
48
93
79
64
91
77
76
93
93
25
64
91
47
76
91
91
57
91
91
76
91
91
69
91
91
75
72
91
94
94
91
94
72
72
91
42
71
49
69
69
91
91
69
38
91
91
91
91
64
66
91
69
91
17
69
69
50
91
91
36
91
63
46
91
91
69
91
50
91
55
91
69
71
66
91
91
91
66
91
94
69
58
91
69
69
91
91
91
67
91
69
49
91
91
91
91
91
91
69
91
69
52
91
69
91
91
69
91
55
62
69
58
65
55
91
69
69
69
91
91
69
56
91
91
33
91
94
60
91
56
69
94
46
42
91
46
94
69
94
31
48
69
91
91
91
91
50
69
91
87
69
69
91
60
91
60
94
94
60
72
56
8
72
40
72
45
69
36
60
72
72
69
75
72
72
69
56
75
66
40
55
55
40
56
75
51
55
69
69
55
56
55
19
55
56
56
46
75
69
55
46
55
69
69
55
42
56
54
42
43
46
51
42
55
56
69
56
52
69
55
45
37
46
55
55
51
75
55
69
52
56
75
56
55
48
55
55
55
69
56
52
55
56
69
55
56
56
56
55
56
75
48
51
75
55
46
55
52
25
35
52
38
69
28
48
38
69
48
55
69
55
69
42
55
33
75
52
52
55
55
55
69
75
40
35
75
69
18
40
75
55
55
69
48
48
63
45
52
42
55
48
19
36
75
68
30
55
75
55
55
55
55
40
55
54
35
38
33
35
69
69
54
55
46
26
52
40
55
55
54
69
55
54
55
54
55
55
55
30
55
45
55
55
25
55
69
55
55
46
46
33
55
55
55
55
30
55
55
46
46
9
54
40
55
46
54
40
33
55
54
52
46
46
29
60
46
36
54
46
55
40
52
52
46
60
40
29
55
46
46
11
46
46
40
60
55
55
7
46
55
40
33
33
55
55
60
55
52
55
38
29
55
55
60
55
55
29
60
33
55
46
55
46
60
14
46
29
55
55
46
29
23
55
55
29
52
55
52
33
55
55
55
55
40
30
45
42
40
60
55
29
46
33
40
45
46
21
55
45
55
46
45
47
45
60
41
55
52
55
60
26
46
34
55
23
55
60
60
55
60
46
40
25
55
40
55
52
55
60
55
45
55
55
55
60
29
53
40
47
55
26
29
40
55
60
55
55
55
34
35
33
52
55
46
40
60
46
55
33
55
52
52
55
55
33
55
44
29
55
52
52
55
55
40
52
39
46
55
45
55
33
46
55
47
40
40
47
55
55
30
33
33
47
55
55
55
55
33
48
18
47
48
48
29
45
40
47
40
29
48
29
46
33
48
47
48
48
31
33
48
47
45
48
35
48
48
47
48
47
48
48
48
40
46
47
35
48
48
48
47
33
48
40
40
40
31
24
18
40
40
18
48
46
48
48
40
40
40
29
39
48
40
48
40
48
21
46
48
48
39
33
24
46
46
36
48
18
46
20
48
22
14
48
31
40
40
28
40
7
40
18
48
46
46
48
33
30
40
48
10
46
29
41
39
39
21
23
48
48
46
40
33
19
48
46
46
48
35
29
46
35
14
29
28
48
29
39
40
48
39
30
48
48
29
16
32
40
48
48
46
17
46
48
41
48
46
48
48
26
46
40
19
41
48
46
41
39
48
20
29
46
35
40
29
29
30
46
27
37
37
29
28
46
12
46
46
46
46
46
35
37
46
20
25
46
37
40
37
39
46
20
26
39
18
41
29
39
46
46
46
37
16
18
40
29
46
46
37
37
34
40
39
40
24
46
46
40
29
18
46
46
37
29
46
46
27
39
20
46
46
46
22
46
37
46
5
14
37
24
24
46
46
39
46
24
46
37
46
37
46
40
46
37
24
17
37
46
24
24
46
27
46
37
37
25
25
46
24
20
46
37
46
46
46
15
27
24
46
46
34
24
25
20
39
46
27
40
25
40
41
46
27
41
24
15
20
46
46
46
24
37
46
46
25
46
40
25
46
25
19
40
46
46
34
6
39
24
39
27
40
41
46
40
11
46
46
20
24
18
25
40
46
23
46
46
24
46
20
40
39
24
46
20
46
25
34
20
40
46
40
46
46
46
46
24
46
21
25
24
46
46
46
24
46
46
24
11
24
23
46
46
46
46
25
46
46
24
24
18
13
46
24
24
46
46
24
15
46
24
46
28
39
46
24
46
46
22
46
24
25
20
25
20
46
46
24
46
23
46
39
38
38
24
39
38
39
28
24
39
38
25
28
15
38
39
27
7
38
26
38
26
39
26
26
38
26
24
38
38
38
39
38
39
38
26
26
26
39
39
39
38
21
39
26
24
38
26
26
26
38
38
21
11
22
14
23
38
26
19
38
19
26
26
38
19
26
26
21
21
23
26
19
22
38
38
26
38
24
19
26
13
26
22
21
26
22
35
26
26
22
26
19
19
25
26
19
13
38
22
35
26
38
26
38
38
38
38
10
38
27
21
38
24
19
38
38
26
35
26
38
25
26
38
24
26
26
38
22
26
38
38
26
25
22
25
26
35
26
26
35
30
19
25
38
26
34
25
17
26
26
20
27
26
38
26
21
26
38
26
38
32
38
10
38
38
26
38
26
38
26
19
38
21
22
6
38
38
38
21
19
38
24
32
38
11
38
38
38
38
38
24
29
26
22
38
38
29
26
38
38
19
38
29
29
26
38
22
17
26
24
38
29
29
29
38
38
38
29
38
22
24
29
32
38
38
38
38
38
38
26
32
22
7
38
32
32
38
32
32
38
32
22
19
19
19
24
38
22
27
31
32
31
24
21
25
38
32
22
22
38
19
22
34
22
19
15
31
32
32
12
32
19
31
16
13
25
38
32
25
32
22
31
32
32
24
12
22
32
38
38
32
21
32
31
27
22
25
22
27
32
32
22
22
32
32
22
27
22
31
25
25
32
32
25
25
38
25
38
25
25
32
22
31
10
31
22
19
38
31
25
38
22
25
25
9
25
38
19
20
14
31
25
25
31
31
27
25
31
9
19
20
31
23
23
25
20
9
31
23
20
20
18
9
31
19
23
25
25
25
25
25
27
31
25
31
23
25
31
20
31
31
11
31
31
31
31
31
23
31
15
23
20
31
25
31
22
23
25
22
31
25
25
31
23
31
15
31
14
31
25
25
25
31
31
31
25
25
23
31
20
31
14
31
31
25
31
25
23
31
15
31
27
31
20
20
31
31
25
31
31
25
31
18
19
25
31
25
31
31
25
31
5
8
25
31
25
25
20
25
31
25
23
25
25
27
22
20
29
25
31
25
23
19
31
19
27
31
31
19
23
31
31
25
29
25
31
31
21
20
31
29
23
15
31
29
31
31
29
29
23
21
25
29
25
12
25
27
28
28
14
27
18
23
28
16
28
23
28
29
23
28
18
27
28
27
28
28
23
28
8
29
28
23
28
27
27
29
28
20
23
27
28
23
27
28
18
28
28
28
23
28
16
28
23
29
20
28
23
12
18
23
29
15
23
15
28
28
13
9
29
23
27
28
28
18
18
23
29
23
18
8
27
23
28
18
28
28
28
28
23
28
23
28
20
18
29
27
23
27
16
23
27
11
28
28
29
27
29
28
29
18
20
29
20
28
27
13
29
28
28
28
23
28
23
28
28
28
11
28
23
23
12
28
27
23
10
18
28
23
29
29
27
27
27
27
16
19
27
13
29
20
20
29
27
29
27
27
7
20
20
20
19
27
15
27
27
20
20
27
20
27
20
18
29
27
20
10
27
19
18
18
20
27
29
18
27
14
27
20
13
20
15
27
27
27
18
18
27
27
27
27
27
25
27
27
27
18
27
18
27
27
27
25
27
15
27
27
27
18
25
27
18
27
9
16
18
27
20
18
18
27
16
18
20
16
18
20
25
18
27
18
25
25
20
18
8
27
20
14
27
18
18
18
16
20
20
20
25
25
20
27
20
18
20
17
17
14
20
20
20
20
27
27
20
27
18
27
25
16
27
14
20
27
10
15
25
27
27
25
18
20
20
25
25
16
27
20
27
20
5
27
25
27
20
27
25
25
27
18
20
16
20
18
25
20
18
20
17
25
20
20
20
27
20
20
27
27
10
18
20
18
20
25
20
20
20
20
17
20
20
20
20
20
20
15
10
20
20
25
20
20
12
20
20
20
20
20
5
20
18
17
20
20
25
20
18
20
16
9
18
25
20
20
20
18
10
25
20
21
20
20
9
20
20
20
20
20
14
16
20
18
17
17
18
25
17
18
18
25
25
25
17
7
20
18
18
12
18
20
17
20
17
25
13
17
18
16
11
18
14
20
18
18
17
17
16
17
18
14
17
18
18
17
18
25
25
3
25
25
25
14
9
17
18
20
18
20
17
18
18
18
18
20
17
20
18
17
20
16
25
18
17
20
18
16
9
14
25
17
8
14
18
17
25
25
20
16
17
25
17
14
20
14
16
16
18
25
13
25
24
14
16
14
16
16
20
25
18
16
16
9
16
14
20
14
20
18
16
14
16
16
16
20
20
16
14
16
16
16
14
15
25
15
25
16
14
25
16
16
25
14
16
16
16
20
20
14
16
25
14
16
8
16
25
25
16
20
20
12
16
16
12
16
16
20
14
25
16
16
14
16
20
12
16
14
25
16
16
16
16
25
20
20
25
16
14
16
8
16
16
16
16
20
20
16
14
16
16
14
20
11
16
8
11
20
14
16
14
16
14
16
20
20
20
16
15
16
20
16
14
14
11
16
3
16
16
1
16
16
10
14
16
20
16
14
16
16
11
16
16
16
16
16
16
16
14
16
20
14
14
14
14
16
14
14
20
20
16
16
14
16
14
14
14
20
16
16
14
14
16
14
16
14
14
16
14
16
8
20
14
5
16
16
20
16
16
14
14
20
14
16
14
14
14
16
15
16
11
10
14
16
16
14
16
16
20
20
16
16
16
10
14
16
8
16
20
16
16
16
16
16
11
13
9
11
20
16
13
14
16
16
10
16
16
11
14
20
15
16
20
14
12
16
15
20
15
16
14
20
16
16
14
16
16
15
13
9
20
3
10
20
11
16
16
16
16
20
16
8
14
15
13
15
16
14
15
11
15
14
15
13
14
13
10
20
20
14
10
16
14
16
11
16
13
9
10
16
10
20
20
13
13
20
14
20
15
20
16
14
20
14
16
13
15
16
16
16
11
14
14
13
16
16
16
16
16
15
16
16
13
11
16
14
16
15
14
7
16
16
30
9
30
15
16
13
13
14
13
13
16
15
15
30
16
16
16
15
14
30
16
16
9
14
15
30
16
16
13
30
16
16
14
16
16
16
16
15
16
17
16
14
10
15
13
33
13
16
33
16
16
16
11
16
15
15
10
15
13
15
16
2
33
13
16
16
33
16
16
10
16
15
16
13
16
15
15
33
11
13
16
3
16
13
15
16
15
16
15
15
16
13
16
33
15
12
16
11
11
16
33
11
14
16
16
13
33
16
16
16
13
16
16
13
16
13
16
16
16
16
33
13
13
16
15
16
16
16
16
16
16
8
16
16
16
13
16
14
11
